<?xml version="1.0" encoding="UTF-8"?>
<!-- Generated by org.testng.reporters.JUnitReportReporter -->
<testsuite hostname="ThivakarDeivendran" failures="0" tests="4" name="testPackage.TestClass" time="23.189" errors="0" timestamp="2024-09-13T16:17:10 IST" skipped="0">
  <testcase classname="testPackage.TestClass" name="titleMethod" time="9.517"/>
  <testcase classname="testPackage.TestClass" name="searchProductMethod" time="6.621"/>
  <testcase classname="testPackage.TestClass" name="listOfAllProductNameAndAmount" time="6.550"/>
  <testcase classname="testPackage.TestClass" name="closeApplicationMethod" time="0.501"/>
</testsuite> <!-- testPackage.TestClass -->
